<?xml version="1.0" encoding="UTF-8"?>
<testsuite name="FlattenerTest" tests="6" skipped="0" failures="0" errors="0" timestamp="2023-03-24T13:18:07" hostname="Davides-MacBook-Pro.local" time="0.013">
  <properties/>
  <testcase name="flattens6LevelNestedList" classname="FlattenerTest" time="0.012"/>
  <testcase name="allNullNestedListReturnsEmptyList" classname="FlattenerTest" time="0.001"/>
  <testcase name="flattens5LevelNestedList" classname="FlattenerTest" time="0.0"/>
  <testcase name="flatListIsUnchanged" classname="FlattenerTest" time="0.0"/>
  <testcase name="flattens2LevelNestedList" classname="FlattenerTest" time="0.0"/>
  <testcase name="flattens6LevelNestedListWithNulls" classname="FlattenerTest" time="0.0"/>
  <system-out><![CDATA[]]></system-out>
  <system-err><![CDATA[]]></system-err>
</testsuite>
